<?xml version="1.0" encoding="UTF-8"?>
<!-- Generated by org.testng.reporters.JUnitReportReporter -->
<testsuite skipped="0" hostname="mahrias-MacBook-Pro.local" name="Academy.validateNavigationBar" tests="1" failures="0" timestamp="25 Oct 2018 00:54:30 GMT" time="0.028" errors="0">
  <testcase name="validateAppNavBar" time="0.028" classname="Academy.validateNavigationBar"/>
</testsuite> <!-- Academy.validateNavigationBar -->
