<?xml version="1.0" encoding="UTF-8"?>
<!-- Generated by org.testng.reporters.JUnitReportReporter -->
<testsuite skipped="0" hostname="mahrias-MacBook-Pro.local" name="Academy.HomePage" tests="2" failures="0" timestamp="25 Oct 2018 00:54:30 GMT" time="16.193" errors="0">
  <testcase name="basePageNavigation" time="9.093" classname="Academy.HomePage"/>
  <testcase name="basePageNavigation" time="7.100" classname="Academy.HomePage"/>
</testsuite> <!-- Academy.HomePage -->
