<?xml version="1.0" encoding="UTF-8"?>
<!-- Generated by org.testng.reporters.JUnitReportReporter -->
<testsuite hostname="mahrias-MacBook-Pro.local" name="Academy.HomePage" tests="2" failures="0" timestamp="25 Oct 2018 00:56:15 GMT" time="16.570" errors="0">
  <testcase name="basePageNavigation" time="6.999" classname="Academy.HomePage"/>
  <testcase name="basePageNavigation" time="9.571" classname="Academy.HomePage"/>
</testsuite> <!-- Academy.HomePage -->
