<?xml version="1.0" encoding="UTF-8"?>
<!-- Generated by org.testng.reporters.JUnitReportReporter -->
<testsuite hostname="mahrias-MacBook-Pro.local" name="Academy.validateTitle" tests="1" failures="0" timestamp="25 Oct 2018 00:56:15 GMT" time="0.031" errors="0">
  <testcase name="validateAppTitle" time="0.031" classname="Academy.validateTitle"/>
</testsuite> <!-- Academy.validateTitle -->
